c:\users\chands\documents\github\map-of-the-syde\map of the syde\map of the syde\release\map of the syde.pch
c:\users\chands\documents\github\map-of-the-syde\map of the syde\map of the syde\release\vc141.pdb
c:\users\chands\documents\github\map-of-the-syde\map of the syde\map of the syde\release\pch.obj
c:\users\chands\documents\github\map-of-the-syde\map of the syde\map of the syde\release\sydemaprpg.obj
c:\users\chands\documents\github\map-of-the-syde\map of the syde\map of the syde\release\motsdefaults.obj
c:\users\chands\documents\github\map-of-the-syde\map of the syde\map of the syde\release\map of the syde.obj
c:\users\chands\documents\github\map-of-the-syde\map of the syde\release\map of the syde.exe
c:\users\chands\documents\github\map-of-the-syde\map of the syde\release\map of the syde.pdb
c:\users\chands\documents\github\map-of-the-syde\map of the syde\release\map of the syde.ipdb
c:\users\chands\documents\github\map-of-the-syde\map of the syde\release\map of the syde.iobj
g:\github repos\map-of-the-syde\map of the syde\map of the syde\release\map of the syde.obj
g:\github repos\map-of-the-syde\map of the syde\map of the syde\release\motsdefaults.obj
g:\github repos\map-of-the-syde\map of the syde\map of the syde\release\pch.obj
g:\github repos\map-of-the-syde\map of the syde\map of the syde\release\sydemaprpg.obj
g:\github repos\map-of-the-syde\map of the syde\map of the syde\release\map of the syde.pch
g:\github repos\map-of-the-syde\map of the syde\map of the syde\release\vc141.pdb
g:\github repos\map-of-the-syde\map of the syde\release\map of the syde.pdb
g:\github repos\map-of-the-syde\map of the syde\release\map of the syde.exe
g:\github repos\map-of-the-syde\map of the syde\map of the syde\release\map of the syde.tlog\cl.command.1.tlog
g:\github repos\map-of-the-syde\map of the syde\map of the syde\release\map of the syde.tlog\cl.read.1.tlog
g:\github repos\map-of-the-syde\map of the syde\map of the syde\release\map of the syde.tlog\cl.write.1.tlog
g:\github repos\map-of-the-syde\map of the syde\map of the syde\release\map of the syde.tlog\link.command.1.tlog
g:\github repos\map-of-the-syde\map of the syde\map of the syde\release\map of the syde.tlog\link.read.1.tlog
g:\github repos\map-of-the-syde\map of the syde\map of the syde\release\map of the syde.tlog\link.write.1.tlog
g:\github repos\map-of-the-syde\map of the syde\map of the syde\release\map of the syde.tlog\map of the syde.write.1u.tlog
