  pch.cpp
  Map Of The SYDE.cpp
g:\github repos\map-of-the-syde\map of the syde\include\consolewindow.h(297): warning C4018: '<': signed/unsigned mismatch
g:\github repos\map-of-the-syde\map of the syde\include\consolewindow.h(299): warning C4018: '<': signed/unsigned mismatch
g:\github repos\map-of-the-syde\map of the syde\include\consolewindow.h(300): warning C4018: '<': signed/unsigned mismatch
g:\github repos\map-of-the-syde\map of the syde\include\settings.h(12): warning C4244: 'argument': conversion from 'int' to 'float', possible loss of data
g:\github repos\map-of-the-syde\map of the syde\include\defaults.h(15): warning C4091: 'static ': ignored on left of 'SYDEDefaults' when no variable is declared
g:\github repos\map-of-the-syde\map of the syde\map of the syde\map of the syde.cpp(52): warning C4244: 'argument': conversion from 'int' to 'float', possible loss of data
  SYDEMapRPG.cpp
g:\github repos\map-of-the-syde\map of the syde\include\consolewindow.h(297): warning C4018: '<': signed/unsigned mismatch
g:\github repos\map-of-the-syde\map of the syde\include\consolewindow.h(299): warning C4018: '<': signed/unsigned mismatch
g:\github repos\map-of-the-syde\map of the syde\include\consolewindow.h(300): warning C4018: '<': signed/unsigned mismatch
g:\github repos\map-of-the-syde\map of the syde\include\settings.h(12): warning C4244: 'argument': conversion from 'int' to 'float', possible loss of data
g:\github repos\map-of-the-syde\map of the syde\include\defaults.h(15): warning C4091: 'static ': ignored on left of 'SYDEDefaults' when no variable is declared
g:\github repos\map-of-the-syde\map of the syde\map of the syde\sydemaprpg.cpp(31): warning C4806: '==': unsafe operation: no value of type 'bool' promoted to type 'int' can equal the given constant
g:\github repos\map-of-the-syde\map of the syde\map of the syde\sydemaprpg.cpp(50): warning C4806: '==': unsafe operation: no value of type 'bool' promoted to type 'int' can equal the given constant
g:\github repos\map-of-the-syde\map of the syde\map of the syde\sydemaprpg.cpp(59): warning C4806: '==': unsafe operation: no value of type 'bool' promoted to type 'int' can equal the given constant
  Generating Code...
  SYDEEngine.lib(ConsoleWindow.obj) : MSIL .netmodule or module compiled with /GL found; restarting link with /LTCG; add /LTCG to the link command line to improve linker performance
LINK : warning LNK4075: ignoring '/INCREMENTAL' due to '/LTCG' specification
SYDEEngine.lib(ConsoleWindow.obj) : error LNK2038: mismatch detected for '_ITERATOR_DEBUG_LEVEL': value '0' doesn't match value '2' in Map Of The SYDE.obj
SYDEEngine.lib(ConsoleWindow.obj) : error LNK2038: mismatch detected for 'RuntimeLibrary': value 'MD_DynamicRelease' doesn't match value 'MDd_DynamicDebug' in Map Of The SYDE.obj
SYDEEngine.lib(Settings.obj) : error LNK2038: mismatch detected for '_ITERATOR_DEBUG_LEVEL': value '0' doesn't match value '2' in Map Of The SYDE.obj
SYDEEngine.lib(Settings.obj) : error LNK2038: mismatch detected for 'RuntimeLibrary': value 'MD_DynamicRelease' doesn't match value 'MDd_DynamicDebug' in Map Of The SYDE.obj
SYDEEngine.lib(SYDETime.obj) : error LNK2038: mismatch detected for '_ITERATOR_DEBUG_LEVEL': value '0' doesn't match value '2' in Map Of The SYDE.obj
SYDEEngine.lib(SYDETime.obj) : error LNK2038: mismatch detected for 'RuntimeLibrary': value 'MD_DynamicRelease' doesn't match value 'MDd_DynamicDebug' in Map Of The SYDE.obj
SYDEEngine.lib(SYDEGamePlay.obj) : error LNK2038: mismatch detected for '_ITERATOR_DEBUG_LEVEL': value '0' doesn't match value '2' in Map Of The SYDE.obj
SYDEEngine.lib(SYDEGamePlay.obj) : error LNK2038: mismatch detected for 'RuntimeLibrary': value 'MD_DynamicRelease' doesn't match value 'MDd_DynamicDebug' in Map Of The SYDE.obj
SYDEEngine.lib(SYDECredits.obj) : error LNK2038: mismatch detected for '_ITERATOR_DEBUG_LEVEL': value '0' doesn't match value '2' in Map Of The SYDE.obj
SYDEEngine.lib(SYDECredits.obj) : error LNK2038: mismatch detected for 'RuntimeLibrary': value 'MD_DynamicRelease' doesn't match value 'MDd_DynamicDebug' in Map Of The SYDE.obj
LINK : warning C4727: PCH named g:\github repos\custom-console\drawableconsole\release\sydeengine.pch with same timestamp found in g:\github repos\custom-console\drawableconsole\release\vector2.obj and g:\github repos\custom-console\drawableconsole\release\sydetime.obj.  Using first PCH.
SYDEEngine.lib(Vector2.obj) : error LNK2038: mismatch detected for '_ITERATOR_DEBUG_LEVEL': value '0' doesn't match value '2' in Map Of The SYDE.obj
SYDEEngine.lib(Vector2.obj) : error LNK2038: mismatch detected for 'RuntimeLibrary': value 'MD_DynamicRelease' doesn't match value 'MDd_DynamicDebug' in Map Of The SYDE.obj
SYDEEngine.lib(AssetsClass.obj) : error LNK2038: mismatch detected for '_ITERATOR_DEBUG_LEVEL': value '0' doesn't match value '2' in Map Of The SYDE.obj
SYDEEngine.lib(AssetsClass.obj) : error LNK2038: mismatch detected for 'RuntimeLibrary': value 'MD_DynamicRelease' doesn't match value 'MDd_DynamicDebug' in Map Of The SYDE.obj
LINK : warning C4727: PCH named g:\github repos\custom-console\drawableconsole\release\sydeengine.pch with same timestamp found in g:\github repos\custom-console\drawableconsole\release\customasset.obj and g:\github repos\custom-console\drawableconsole\release\defaults.obj.  Using first PCH.
SYDEEngine.lib(CustomAsset.obj) : error LNK2038: mismatch detected for '_ITERATOR_DEBUG_LEVEL': value '0' doesn't match value '2' in Map Of The SYDE.obj
SYDEEngine.lib(CustomAsset.obj) : error LNK2038: mismatch detected for 'RuntimeLibrary': value 'MD_DynamicRelease' doesn't match value 'MDd_DynamicDebug' in Map Of The SYDE.obj
LINK : warning C4727: PCH named g:\github repos\custom-console\drawableconsole\release\sydeengine.pch with same timestamp found in g:\github repos\custom-console\drawableconsole\release\sydekeycode.obj and g:\github repos\custom-console\drawableconsole\release\sydekey.obj.  Using first PCH.
SYDEEngine.lib(SYDEKeyCode.obj) : error LNK2038: mismatch detected for '_ITERATOR_DEBUG_LEVEL': value '0' doesn't match value '2' in Map Of The SYDE.obj
SYDEEngine.lib(SYDEKeyCode.obj) : error LNK2038: mismatch detected for 'RuntimeLibrary': value 'MD_DynamicRelease' doesn't match value 'MDd_DynamicDebug' in Map Of The SYDE.obj
LINK : warning C4727: PCH named g:\github repos\custom-console\drawableconsole\release\sydeengine.pch with same timestamp found in g:\github repos\custom-console\drawableconsole\release\textitem.obj and g:\github repos\custom-console\drawableconsole\release\sydetime.obj.  Using first PCH.
SYDEEngine.lib(Line.obj) : error LNK2038: mismatch detected for '_ITERATOR_DEBUG_LEVEL': value '0' doesn't match value '2' in Map Of The SYDE.obj
SYDEEngine.lib(Line.obj) : error LNK2038: mismatch detected for 'RuntimeLibrary': value 'MD_DynamicRelease' doesn't match value 'MDd_DynamicDebug' in Map Of The SYDE.obj
SYDEEngine.lib(Artwork.obj) : error LNK2038: mismatch detected for '_ITERATOR_DEBUG_LEVEL': value '0' doesn't match value '2' in Map Of The SYDE.obj
SYDEEngine.lib(Artwork.obj) : error LNK2038: mismatch detected for 'RuntimeLibrary': value 'MD_DynamicRelease' doesn't match value 'MDd_DynamicDebug' in Map Of The SYDE.obj
SYDEEngine.lib(CustomAnimationAsset.obj) : error LNK2038: mismatch detected for '_ITERATOR_DEBUG_LEVEL': value '0' doesn't match value '2' in Map Of The SYDE.obj
SYDEEngine.lib(CustomAnimationAsset.obj) : error LNK2038: mismatch detected for 'RuntimeLibrary': value 'MD_DynamicRelease' doesn't match value 'MDd_DynamicDebug' in Map Of The SYDE.obj
SYDEEngine.lib(Activation.obj) : error LNK2038: mismatch detected for '_ITERATOR_DEBUG_LEVEL': value '0' doesn't match value '2' in Map Of The SYDE.obj
SYDEEngine.lib(Activation.obj) : error LNK2038: mismatch detected for 'RuntimeLibrary': value 'MD_DynamicRelease' doesn't match value 'MDd_DynamicDebug' in Map Of The SYDE.obj
LINK : warning LNK4098: defaultlib 'MSVCRT' conflicts with use of other libs; use /NODEFAULTLIB:library
G:\Github Repos\Map-Of-The-SYDE\Map Of The SYDE\Debug\Map Of The SYDE.exe : fatal error LNK1319: 26 mismatches detected
